Microsoft (R) Macro Assembler Version 12.00.21005.1	    09/10/15 18:05:32
sandbox.asm						     Page 1 - 1


				; Program Name:           sandbox.asm

				; Program Description: test different things
				; Author: Chad Dreier
				; Date: 9/3/2015

				.386
				.model flat,stdcall
				.stack 4096
				ExitProcess proto,dwExitCode:dword

 00000000			.data

 00000000 10 20 30		arrayB BYTE 10h,20h,30h

 00000000			.code
 00000000			main proc

 00000000  BE 00000001		   mov esi,1
 00000005  8A 86 00000000 R	   mov al,arrayB[esi]

					invoke ExitProcess,0
 0000000B  6A 00	   *	    push   +000000000h
 0000000D  E8 00000000 E   *	    call   ExitProcess
 00000012			main endp
				end main
Microsoft (R) Macro Assembler Version 12.00.21005.1	    09/10/15 18:05:32
sandbox.asm						     Symbols 2 - 1




Segments and Groups:

                N a m e                 Size     Length   Align   Combine Class

FLAT . . . . . . . . . . . . . .	GROUP
STACK  . . . . . . . . . . . . .	32 Bit	 00001000 DWord	  Stack	  'STACK'	 
_DATA  . . . . . . . . . . . . .	32 Bit	 00000003 DWord	  Public  'DATA'	
_TEXT  . . . . . . . . . . . . .	32 Bit	 00000012 DWord	  Public  'CODE'	


Procedures, parameters, and locals:

                N a m e                 Type     Value    Attr

ExitProcess  . . . . . . . . . .	P Near	 00000000 FLAT	Length= 00000000 External STDCALL
main . . . . . . . . . . . . . .	P Near	 00000000 _TEXT	Length= 00000012 Public STDCALL


Symbols:

                N a m e                 Type     Value    Attr

@CodeSize  . . . . . . . . . . .	Number	 00000000h   
@DataSize  . . . . . . . . . . .	Number	 00000000h   
@Interface . . . . . . . . . . .	Number	 00000003h   
@Model . . . . . . . . . . . . .	Number	 00000007h   
@code  . . . . . . . . . . . . .	Text   	 _TEXT
@data  . . . . . . . . . . . . .	Text   	 FLAT
@fardata?  . . . . . . . . . . .	Text   	 FLAT
@fardata . . . . . . . . . . . .	Text   	 FLAT
@stack . . . . . . . . . . . . .	Text   	 FLAT
arrayB . . . . . . . . . . . . .	Byte	 00000000 _DATA	

	   0 Warnings
	   0 Errors
