c:\users\chad\documents\google drive\school\csci212\lab\debug\lab3.1.obj
c:\users\chad\documents\google drive\school\csci212\lab\debug\lab3.2.obj
c:\users\chad\documents\google drive\school\csci212\lab\debug\sandbox.obj
c:\users\chad\documents\source\github\siir\csci212\sandbox\debug\sandbox.obj
c:\users\chad\documents\google drive\school\csci212\lab\debug\assemblylab.ilk
c:\users\chad\documents\google drive\school\csci212\lab\debug\assemblylab.exe
c:\users\chad\documents\google drive\school\csci212\lab\debug\assemblylab.pdb
c:\users\chad\documents\source\github\siir\csci212\sandbox\debug\assemblylab.ilk
c:\users\chad\documents\source\github\siir\csci212\sandbox\debug\assemblylab.exe
c:\users\chad\documents\source\github\siir\csci212\sandbox\debug\assemblylab.pdb
c:\users\chad\documents\source\github\siir\csci212\lab 5.2\debug\lab3.1.obj
c:\users\chad\documents\source\github\siir\csci212\lab 5.2\debug\lab3.2.obj
c:\users\chad\documents\source\github\siir\csci212\lab 5.2\debug\sandbox.obj
c:\users\chad\documents\source\github\siir\csci212\lab 5.2\debug\assemblylab.ilk
c:\users\chad\documents\source\github\siir\csci212\lab 5.2\debug\assemblylab.pdb
c:\users\chad\documents\source\github\siir\csci212\lab 5.2\debug\assemblylab.exe
c:\users\chad\documents\source\github\siir\csci212\lab 5.2\debug\assemblylab.tlog\assemblylab.write.1u.tlog
c:\users\chad\documents\source\github\siir\csci212\lab 5.2\debug\assemblylab.tlog\link.command.1.tlog
c:\users\chad\documents\source\github\siir\csci212\lab 5.2\debug\assemblylab.tlog\link.read.1.tlog
c:\users\chad\documents\source\github\siir\csci212\lab 5.2\debug\assemblylab.tlog\link.write.1.tlog
