Microsoft (R) Macro Assembler Version 12.00.21005.1	    09/03/15 19:49:13
lab3.1.asm						     Page 1 - 1


				; Program Name:           lab3.1.asm

				; Program Description: Write a program that uses the variables below and MOV instructions to 
				;						copy the value frombigEndian to littleEndian, reversing the order of 
				;						the bytes. The number’s 32-bit value is understood to be 12345678 
				;						hexadecimal.
				; Author: Chad Dreier
				; Date: 9/3/2015

				.386
				.model flat,stdcall
				.stack 4096
				ExitProcess proto,dwExitCode:dword

 00000000			.data
 00000000 12 34 56 78		bigEndian BYTE 12h,34h,56h,78h
 00000004 00000000		littleEndian DWORD 0

 00000000			.code
 00000000			main proc
 00000000  A1 00000000 R		mov eax, DWORD PTR bigEndian	; copy bigEndian from memory as its stored (effectively reversing it)
 00000005  A3 00000004 R		mov littleEndian, eax			; store in littleEndian variable

					invoke ExitProcess,0
 0000000A  6A 00	   *	    push   +000000000h
 0000000C  E8 00000000 E   *	    call   ExitProcess
 00000011			main endp
				end main
Microsoft (R) Macro Assembler Version 12.00.21005.1	    09/03/15 19:49:13
lab3.1.asm						     Symbols 2 - 1




Segments and Groups:

                N a m e                 Size     Length   Align   Combine Class

FLAT . . . . . . . . . . . . . .	GROUP
STACK  . . . . . . . . . . . . .	32 Bit	 00001000 DWord	  Stack	  'STACK'	 
_DATA  . . . . . . . . . . . . .	32 Bit	 00000008 DWord	  Public  'DATA'	
_TEXT  . . . . . . . . . . . . .	32 Bit	 00000011 DWord	  Public  'CODE'	


Procedures, parameters, and locals:

                N a m e                 Type     Value    Attr

ExitProcess  . . . . . . . . . .	P Near	 00000000 FLAT	Length= 00000000 External STDCALL
main . . . . . . . . . . . . . .	P Near	 00000000 _TEXT	Length= 00000011 Public STDCALL


Symbols:

                N a m e                 Type     Value    Attr

@CodeSize  . . . . . . . . . . .	Number	 00000000h   
@DataSize  . . . . . . . . . . .	Number	 00000000h   
@Interface . . . . . . . . . . .	Number	 00000003h   
@Model . . . . . . . . . . . . .	Number	 00000007h   
@code  . . . . . . . . . . . . .	Text   	 _TEXT
@data  . . . . . . . . . . . . .	Text   	 FLAT
@fardata?  . . . . . . . . . . .	Text   	 FLAT
@fardata . . . . . . . . . . . .	Text   	 FLAT
@stack . . . . . . . . . . . . .	Text   	 FLAT
bigEndian  . . . . . . . . . . .	Byte	 00000000 _DATA	
littleEndian . . . . . . . . . .	DWord	 00000004 _DATA	

	   0 Warnings
	   0 Errors
